{"name": "test_web_scenario2", "status": "failed", "statusDetails": {"message": "AssertionError: false\nassert 1 == 2", "trace": "setup = None\n\n    def test_web_scenario2(setup):\n        # 测试代码\n>       assert 1 == 2,\"false\"\nE       AssertionError: false\nE       assert 1 == 2\n\ntests\\web\\test_web_feature1.py:15: AssertionError"}, "start": 1701063403342, "stop": 1701063403343, "uuid": "b4ac354f-c575-4696-8e5f-f46102f4cc75", "historyId": "9391d7a87b4915e2d0c5b64da0850f71", "testCaseId": "9391d7a87b4915e2d0c5b64da0850f71", "fullName": "tests.web.test_web_feature1#test_web_scenario2", "labels": [{"name": "parentSuite", "value": "tests.web"}, {"name": "suite", "value": "test_web_feature1"}, {"name": "host", "value": "须宇杰的电脑"}, {"name": "thread", "value": "2032-MainThread"}, {"name": "framework", "value": "pytest"}, {"name": "language", "value": "cpython3"}, {"name": "package", "value": "tests.web.test_web_feature1"}]}